[browser-qa] 1: 360x800 homepage
[browser-qa] 2: 360x800 listing
[browser-qa] 3: 360x800 pdp
[browser-qa] 4: 360x800 cart
[browser-qa] 5: 360x800 checkout
[browser-qa] 6: 360x800 smart-routine
[browser-qa] 7: 360x800 account
[browser-qa] 8: 360x800 admin
[browser-qa] 9: 360x800 payment-success
[browser-qa] 10: 360x800 payment-failure
[browser-qa] 11: 360x800 legal
[browser-qa] 12: 390x844 homepage
[browser-qa] 13: 390x844 listing
[browser-qa] 14: 390x844 pdp
[browser-qa] 15: 390x844 cart
[browser-qa] 16: 390x844 checkout
[browser-qa] 17: 390x844 smart-routine
[browser-qa] 18: 390x844 account
[browser-qa] 19: 390x844 admin
[browser-qa] 20: 390x844 payment-success
[browser-qa] 21: 390x844 payment-failure
[browser-qa] 22: 390x844 legal
[browser-qa] 23: 430x932 homepage
[browser-qa] 24: 430x932 listing
[browser-qa] 25: 430x932 pdp
